
 Last    Found  - DC-45-46-BF-21-88,DC-45-46-BF-21-89,00-50-56-C0-00-01,00-50-56-C0-00-08,00-15-5D-E8-C0-40 
 Current Found  - DC-45-46-BF-21-88,DC-45-46-BF-21-89,DE-45-46-BF-21-88,00-50-56-C0-00-01,00-50-56-C0-00-08,00-15-5D-E8-C0-40 
 Last    Found  - DC-45-46-BF-21-88,DC-45-46-BF-21-89,00-50-56-C0-00-01,00-50-56-C0-00-08,00-15-5D-E8-C0-40 
 Current Found  - DC-45-46-BF-21-88,DC-45-46-BF-21-89,DE-45-46-BF-21-88,00-50-56-C0-00-01,00-50-56-C0-00-08,00-15-5D-E8-C0-40 WdgMtb: ACCESS DimenSch@CHAMFER is AVAILABLE (CB)
WdgMtb: ACCESS DimenSch@CHAMFER is AVAILABLE (CB)
WdgMtb: ACCESS DimenSch@CHAMFER is AVAILABLE (CB)
WdgMtb: ACCESS DimenSch@CHAMFER is AVAILABLE (CB)
WdgMtb: ACCESS D1xD2_flip@CHAMFER is AVAILABLE (CB)
WdgMtb: ACCESS DimenSch@CHAMFER is AVAILABLE (CB)
WdgMtb: ACCESS D1xD2_flip@CHAMFER is AVAILABLE (CB)
WdgMtb: ACCESS DimenSch@CHAMFER is AVAILABLE (CB)
WdgMtb: ACCESS D1xD2_flip@CHAMFER is AVAILABLE (CB)
WdgMtb: ACCESS DimenSch@CHAMFER is AVAILABLE (CB)
WdgMtb: ACCESS D1xD2_flip@CHAMFER is AVAILABLE (CB)
WdgMtb: ACCESS DimenSch@CHAMFER is AVAILABLE (CB)
WdgMtb: ACCESS D1xD2_flip@CHAMFER is AVAILABLE (CB)
WdgMtb: ACCESS DimenSch@CHAMFER is AVAILABLE (CB)
WdgMtb: ACCESS D1xD2_flip@CHAMFER is AVAILABLE (CB)
WdgMtb: ACCESS constr_type1@XSEC is AVAILABLE (CB)
WdgMtb: ACCESS constr_type1@XSEC is AVAILABLE (CB)
WdgMtb: ACCESS constr_type1@XSEC is AVAILABLE (CB)
WdgMtb: ACCESS constr_type1@XSEC is AVAILABLE (CB)
WdgMtb: ACCESS constr_type1@XSEC is AVAILABLE (CB)
WdgMtb: ACCESS constr_type1@XSEC is AVAILABLE (CB)
